

Microchip MPLAB XC8 Assembler V2.36 build 20220127204148 
                                                                                               Mon Sep 19 20:00:01 2022

Microchip MPLAB XC8 C Compiler v2.36 (Free license) build 20220127204148 Og1 
     1                           	processor	16F84A
     2                           	pagewidth 120
     3                           	opt	flic
     4                           	psect	cinit,global,class=CODE,merge=1,delta=2
     5                           	psect	cstackBANK0,global,class=BANK0,space=1,delta=1,noexec
     6                           	psect	maintext,global,class=CODE,split=1,delta=2
     7                           	psect	idloc,global,abs,ovrld,class=IDLOC,space=5,delta=2,noexec
     8                           	psect	config,global,abs,ovrld,class=CONFIG,space=4,delta=2,noexec
     9                           	dabs	1,0x4E,2
    10  0000                     
    11                           ; Version 2.40
    12                           ; Generated 17/11/2021 GMT
    13                           ; 
    14                           ; Copyright © 2021, Microchip Technology Inc. and its subsidiaries ("Microchip")
    15                           ; All rights reserved.
    16                           ; 
    17                           ; This software is developed by Microchip Technology Inc. and its subsidiaries ("Microch
      +                          ip").
    18                           ; 
    19                           ; Redistribution and use in source and binary forms, with or without modification, are
    20                           ; permitted provided that the following conditions are met:
    21                           ; 
    22                           ;     1. Redistributions of source code must retain the above copyright notice, this lis
      +                          t of
    23                           ;        conditions and the following disclaimer.
    24                           ; 
    25                           ;     2. Redistributions in binary form must reproduce the above copyright notice, this 
      +                          list
    26                           ;        of conditions and the following disclaimer in the documentation and/or other
    27                           ;        materials provided with the distribution. Publication is not required when
    28                           ;        this file is used in an embedded application.
    29                           ; 
    30                           ;     3. Microchip's name may not be used to endorse or promote products derived from th
      +                          is
    31                           ;        software without specific prior written permission.
    32                           ; 
    33                           ; THIS SOFTWARE IS PROVIDED BY MICROCHIP "AS IS" AND ANY EXPRESS OR IMPLIED WARRANTIES,
    34                           ; INCLUDING, BUT NOT LIMITED TO, THE IMPLIED WARRANTIES OF MERCHANTABILITY AND FITNESS F
      +                          OR
    35                           ; PURPOSE ARE DISCLAIMED.  IN NO EVENT SHALL MICROCHIP BE LIABLE FOR ANY DIRECT, INDIREC
      +                          T,
    36                           ; INCIDENTAL, SPECIAL, EXEMPLARY, OR CONSEQUENTIAL DAMAGES (INCLUDING BUT NOT LIMITED TO
    37                           ; PROCUREMENT OF SUBSTITUTE GOODS OR SERVICES; LOSS OF USE, DATA OR PROFITS; OR BUSINESS
    38                           ; INTERRUPTION) HOWSOEVER CAUSED AND ON ANY THEORY OF LIABILITY, WHETHER IN CONTRACT, ST
      +                          RICT
    39                           ; LIABILITY, OR TORT (INCLUDING NEGLIGENCE OR OTHERWISE) ARISING IN ANY WAY OUT OF THE U
      +                          SE OF
    40                           ; THIS SOFTWARE, EVEN IF ADVISED OF THE POSSIBILITY OF SUCH DAMAGE.
    41                           ; 
    42                           ; 
    43                           ; Code-generator required, PIC16F84A Definitions
    44                           ; 
    45                           ; SFR Addresses
    46  0000                     	;# 
    47  0001                     	;# 
    48  0002                     	;# 
    49  0003                     	;# 
    50  0004                     	;# 
    51  0005                     	;# 
    52  0006                     	;# 
    53  0008                     	;# 
    54  0009                     	;# 
    55  000A                     	;# 
    56  000B                     	;# 
    57  0081                     	;# 
    58  0085                     	;# 
    59  0086                     	;# 
    60  0088                     	;# 
    61  0089                     	;# 
    62  0000                     	;# 
    63  0001                     	;# 
    64  0002                     	;# 
    65  0003                     	;# 
    66  0004                     	;# 
    67  0005                     	;# 
    68  0006                     	;# 
    69  0008                     	;# 
    70  0009                     	;# 
    71  000A                     	;# 
    72  000B                     	;# 
    73  0081                     	;# 
    74  0085                     	;# 
    75  0086                     	;# 
    76  0088                     	;# 
    77  0089                     	;# 
    78  0006                     _PORTBbits	set	6
    79  0005                     _PORTAbits	set	5
    80  0086                     _TRISB	set	134
    81  0085                     _TRISA	set	133
    82                           
    83                           	psect	cinit
    84  03FE                     start_initialization:	
    85                           ; #config settings
    86                           
    87  03FE                     __initialization:
    88  03FE                     end_of_initialization:	
    89                           ;End of C runtime variable initialization code
    90                           
    91  03FE                     __end_of__initialization:
    92  03FE  0183               	clrf	3
    93  03FF  2BB9               	ljmp	_main	;jump to C main() function
    94                           
    95                           	psect	cstackBANK0
    96  000C                     __pcstackBANK0:
    97  000C                     ?_main:
    98  000C                     ??_main:	
    99                           ; 1 bytes @ 0x0
   100                           
   101                           
   102                           ; 1 bytes @ 0x0
   103  000C                     	ds	3
   104  000F                     main@cont:
   105                           
   106                           ; 2 bytes @ 0x3
   107  000F                     	ds	2
   108                           
   109                           	psect	maintext
   110  03B9                     __pmaintext:	
   111 ;;
   112 ;;Main: autosize = 0, tempsize = 3, incstack = 0, save=0
   113 ;;
   114 ;; *************** function _main *****************
   115 ;; Defined at:
   116 ;;		line 24 in file "main.c"
   117 ;; Parameters:    Size  Location     Type
   118 ;;		None
   119 ;; Auto vars:     Size  Location     Type
   120 ;;  cont            2    3[BANK0 ] int 
   121 ;; Return value:  Size  Location     Type
   122 ;;                  1    wreg      void 
   123 ;; Registers used:
   124 ;;		wreg, status,2, status,0
   125 ;; Tracked objects:
   126 ;;		On entry : B00/0
   127 ;;		On exit  : 0/0
   128 ;;		Unchanged: 0/0
   129 ;; Data sizes:     COMMON   BANK0
   130 ;;      Params:         0       0
   131 ;;      Locals:         0       2
   132 ;;      Temps:          0       3
   133 ;;      Totals:         0       5
   134 ;;Total ram usage:        5 bytes
   135 ;; This function calls:
   136 ;;		Nothing
   137 ;; This function is called by:
   138 ;;		Startup code after reset
   139 ;; This function uses a non-reentrant model
   140 ;;
   141                           
   142  03B9                     _main:	
   143                           ;psect for function _main
   144                           
   145  03B9                     l643:	
   146                           ;incstack = 0
   147                           ; Regs used in _main: [wreg+status,2+status,0]
   148                           
   149                           
   150                           ;main.c: 25:     TRISA = 0b00000011;
   151  03B9  3003               	movlw	3
   152  03BA  1683               	bsf	3,5	;RP0=1, select bank1
   153  03BB  0085               	movwf	5	;volatile
   154  03BC                     l645:
   155                           
   156                           ;main.c: 26:     TRISB = 0b00000000;
   157  03BC  0186               	clrf	6	;volatile
   158  03BD                     l647:
   159                           
   160                           ;main.c: 27:     PORTAbits.RA0 = 0;
   161  03BD  1283               	bcf	3,5	;RP0=0, select bank0
   162  03BE  1005               	bcf	5,0	;volatile
   163  03BF                     l649:
   164                           
   165                           ;main.c: 28:     PORTBbits.RB0 = 0;
   166  03BF  1006               	bcf	6,0	;volatile
   167  03C0                     l651:
   168                           
   169                           ;main.c: 29:     int cont = 0;
   170  03C0  018F               	clrf	main@cont
   171  03C1  0190               	clrf	main@cont+1
   172  03C2                     l653:
   173                           
   174                           ;main.c: 31:         if (PORTAbits.RA0 == 1) {
   175  03C2  1C05               	btfss	5,0	;volatile
   176  03C3  2BC5               	goto	u41
   177  03C4  2BC6               	goto	u40
   178  03C5                     u41:
   179  03C5  2BF5               	goto	l669
   180  03C6                     u40:
   181  03C6                     l655:
   182                           
   183                           ;main.c: 32:             cont = 1;
   184  03C6  3001               	movlw	1
   185  03C7  008F               	movwf	main@cont
   186  03C8  3000               	movlw	0
   187  03C9  0090               	movwf	main@cont+1
   188  03CA  2BF5               	goto	l669
   189  03CB                     l18:
   190                           
   191                           ;main.c: 35:             PORTBbits.RB0 = 1;
   192  03CB  1406               	bsf	6,0	;volatile
   193  03CC                     l657:
   194                           
   195                           ;main.c: 36:             _delay((unsigned long)((100)*(4000000/4000.0)));
   196  03CC  3082               	movlw	130
   197  03CD  008D               	movwf	??_main+1
   198  03CE  30DD               	movlw	221
   199  03CF  008C               	movwf	??_main
   200  03D0                     u77:
   201  03D0  0B8C               	decfsz	??_main,f
   202  03D1  2BD0               	goto	u77
   203  03D2  0B8D               	decfsz	??_main+1,f
   204  03D3  2BD0               	goto	u77
   205  03D4  2BD5               	nop2
   206  03D5                     l659:
   207                           
   208                           ;main.c: 37:             PORTBbits.RB0 = 0;
   209  03D5  1283               	bcf	3,5	;RP0=0, select bank0
   210  03D6  1006               	bcf	6,0	;volatile
   211                           
   212                           ;main.c: 38:             _delay((unsigned long)((100)*(4000000/4000.0)));
   213  03D7  3082               	movlw	130
   214  03D8  008D               	movwf	??_main+1
   215  03D9  30DD               	movlw	221
   216  03DA  008C               	movwf	??_main
   217  03DB                     u87:
   218  03DB  0B8C               	decfsz	??_main,f
   219  03DC  2BDB               	goto	u87
   220  03DD  0B8D               	decfsz	??_main+1,f
   221  03DE  2BDB               	goto	u87
   222  03DF  2BE0               	nop2
   223  03E0                     l661:
   224                           
   225                           ;main.c: 39:             if (PORTAbits.RA0 == 1) {
   226  03E0  1283               	bcf	3,5	;RP0=0, select bank0
   227  03E1  1C05               	btfss	5,0	;volatile
   228  03E2  2BE4               	goto	u51
   229  03E3  2BE5               	goto	u50
   230  03E4                     u51:
   231  03E4  2BF5               	goto	l669
   232  03E5                     u50:
   233  03E5                     l663:
   234  03E5                     l665:
   235                           
   236                           ;main.c: 41:                 PORTBbits.RB0 = 0;
   237  03E5  1006               	bcf	6,0	;volatile
   238                           
   239                           ;main.c: 42:                 cont = 0;
   240  03E6  018F               	clrf	main@cont
   241  03E7  0190               	clrf	main@cont+1
   242  03E8                     l667:
   243                           
   244                           ;main.c: 43:                 _delay((unsigned long)((200)*(4000000/4000.0)));
   245  03E8  3002               	movlw	2
   246  03E9  008E               	movwf	??_main+2
   247  03EA  3004               	movlw	4
   248  03EB  008D               	movwf	??_main+1
   249  03EC  30BA               	movlw	186
   250  03ED  008C               	movwf	??_main
   251  03EE                     u97:
   252  03EE  0B8C               	decfsz	??_main,f
   253  03EF  2BEE               	goto	u97
   254  03F0  0B8D               	decfsz	??_main+1,f
   255  03F1  2BEE               	goto	u97
   256  03F2  0B8E               	decfsz	??_main+2,f
   257  03F3  2BEE               	goto	u97
   258  03F4  0000               	nop
   259  03F5                     l669:
   260                           
   261                           ;main.c: 34:         while (cont == 1) {
   262  03F5  1283               	bcf	3,5	;RP0=0, select bank0
   263  03F6  030F               	decf	main@cont,w
   264  03F7  0410               	iorwf	main@cont+1,w
   265  03F8  1903               	btfsc	3,2
   266  03F9  2BFB               	goto	u61
   267  03FA  2BFC               	goto	u60
   268  03FB                     u61:
   269  03FB  2BCB               	goto	l18
   270  03FC                     u60:
   271  03FC  2BC2               	goto	l653
   272  03FD  2800               	ljmp	start
   273  03FE                     __end_of_main:
   274  004E                     btemp	set	78	;btemp
   275  004E                     wtemp0	set	78
   276                           
   277                           	psect	idloc
   278                           
   279                           ;Config register IDLOC0 @ 0x2000
   280                           ;	unspecified, using default values
   281  2000                     	org	8192
   282  2000  3FFF               	dw	16383
   283                           
   284                           ;Config register IDLOC1 @ 0x2001
   285                           ;	unspecified, using default values
   286  2001                     	org	8193
   287  2001  3FFF               	dw	16383
   288                           
   289                           ;Config register IDLOC2 @ 0x2002
   290                           ;	unspecified, using default values
   291  2002                     	org	8194
   292  2002  3FFF               	dw	16383
   293                           
   294                           ;Config register IDLOC3 @ 0x2003
   295                           ;	unspecified, using default values
   296  2003                     	org	8195
   297  2003  3FFF               	dw	16383
   298                           
   299                           	psect	config
   300                           
   301                           ;Config register CONFIG @ 0x2007
   302                           ;	Oscillator Selection bits
   303                           ;	FOSC = HS, HS oscillator
   304                           ;	Watchdog Timer
   305                           ;	WDTE = OFF, WDT disabled
   306                           ;	Power-up Timer Enable bit
   307                           ;	PWRTE = OFF, Power-up Timer is disabled
   308                           ;	Code Protection bit
   309                           ;	CP = OFF, Code protection disabled
   310  2007                     	org	8199
   311  2007  3FFA               	dw	16378

Data Sizes:
    Strings     0
    Constant    0
    Data        0
    BSS         0
    Persistent  0
    Stack       0

Auto Spaces:
    Space          Size  Autos    Used
    COMMON            0      0       0
    BANK0            66      5       5

Pointer List with Targets:

    None.

Critical Paths under _main in COMMON

    None.

Critical Paths under _main in BANK0

    None.

Call Graph Tables:

 ---------------------------------------------------------------------------------
 (Depth) Function   	        Calls       Base Space   Used Autos Params    Refs
 ---------------------------------------------------------------------------------
 (0) _main                                                 5     5      0      26
                                              0 BANK0      5     5      0
 ---------------------------------------------------------------------------------
 Estimated maximum stack depth 0
 ---------------------------------------------------------------------------------

 Call Graph Graphs:

 _main (ROOT)

 Address spaces:
Name               Size   Autos  Total    Cost      Usage
BITCOMMON            0      0       0       0        0.0%
EEDATA              40      0       0       0        0.0%
NULL                 0      0       0       0        0.0%
CODE                 0      0       0       0        0.0%
BITSFR0              0      0       0       1        0.0%
SFR0                 0      0       0       1        0.0%
COMMON               0      0       0       1        0.0%
BITSFR1              0      0       0       2        0.0%
SFR1                 0      0       0       2        0.0%
STACK                0      0       0       2        0.0%
BANK0               42      5       5       3        7.6%
ABS                  0      0       0       4        0.0%
BITBANK0            42      0       0       5        0.0%
DATA                 0      0       0       6        0.0%


Microchip Technology PIC Macro Assembler V2.36 build 20220127204148 
Symbol Table                                                                                   Mon Sep 19 20:00:01 2022

                     l18 03CB                       u40 03C6                       u41 03C5  
                     u50 03E5                       u51 03E4                       u60 03FC  
                     u61 03FB                       u77 03D0                       u87 03DB  
                     u97 03EE                      l651 03C0                      l643 03B9  
                    l661 03E0                      l653 03C2                      l645 03BC  
                    l663 03E5                      l655 03C6                      l647 03BD  
                    l665 03E5                      l657 03CC                      l649 03BF  
                    l667 03E8                      l659 03D5                      l669 03F5  
                   _main 03B9                     btemp 004E                     start 0000  
                  ?_main 000C                    _TRISA 0085                    _TRISB 0086  
                  status 0003                    wtemp0 004E          __initialization 03FE  
           __end_of_main 03FE                   ??_main 000C  __end_of__initialization 03FE  
             __pmaintext 03B9     end_of_initialization 03FE                _PORTAbits 0005  
              _PORTBbits 0006      start_initialization 03FE                ___latbits 0000  
          __pcstackBANK0 000C                 main@cont 000F  
